<?xml version="1.0" encoding="UTF-8"?>
<!-- Generated by org.testng.reporters.JUnitReportReporter -->
<testsuite hostname="Thilini" failures="0" tests="1" name="com.learnAutomation.TestCases.HomePageTest" time="0.033" errors="0" timestamp="2024-12-30T21:40:26 PST" skipped="0">
  <testcase classname="com.learnAutomation.TestCases.HomePageTest" name="verifyTitle" time="0.033"/>
</testsuite> <!-- com.learnAutomation.TestCases.HomePageTest -->
