<?xml version="1.0" encoding="UTF-8"?>
<!-- Generated by org.testng.reporters.JUnitReportReporter -->
<testsuite hostname="Thilini" failures="0" tests="1" name="com.learnAutomation.TestCases.LoginTest" time="1.506" errors="0" timestamp="2024-12-31T14:04:42 PST" skipped="0">
  <testcase classname="com.learnAutomation.TestCases.LoginTest" name="UserWithInvalidUserName" time="1.506"/>
</testsuite> <!-- com.learnAutomation.TestCases.LoginTest -->
