<?xml version="1.0" encoding="UTF-8"?>
<!-- Generated by org.testng.reporters.JUnitReportReporter -->
<testsuite hostname="Thilini" failures="0" tests="1" name="com.learnAutomation.TestCases.LoginPage" time="0.328" errors="0" timestamp="2024-12-25T17:08:16 PST" skipped="0">
  <testcase classname="com.learnAutomation.TestCases.LoginPage" name="UserWithoutUserNamePWD" time="0.328"/>
</testsuite> <!-- com.learnAutomation.TestCases.LoginPage -->
