<?xml version="1.0" encoding="UTF-8"?>
<!-- Generated by org.testng.reporters.JUnitReportReporter -->
<testsuite hostname="Thilini" failures="0" tests="1" name="com.learnAutomation.pages.LoginPage" time="1.053" errors="0" timestamp="2024-12-25T16:11:33 PST" skipped="0">
  <testcase classname="com.learnAutomation.pages.LoginPage" name="loginPage" time="1.053"/>
</testsuite> <!-- com.learnAutomation.pages.LoginPage -->
